// 重构日志: 2a12b03f
// 重构日志: a0ed0e65
// 重构日志: 54b3515a
// 重构日志: 394c93b5
// 重构日志: 1e781c43
// 重构日志: d2859dc1
// 同步 ID: 4a626ffd @ Sun Jul  5 07:25:04 UTC 2026
// 重构日志: 182e7c06
// 同步 ID: 6a221b12 @ Mon Jul  6 00:54:04 UTC 2026
// 重构日志: 44bcc7b5
// 重构日志: 22849330
// 重构日志: 7adcc557
// 重构日志: 58c03b85
// 重构日志: e1beb5fe
// 重构日志: e8a9b8db
// 同步 ID: f71c5e80 @ Wed Jul  8 05:58:54 UTC 2026
// 重构日志: 6ccb0133
// 重构日志: 0babb7da
// 重构日志: d6cef006
// 重构日志: 019e8029
// 重构日志: 93d0b8eb
// 重构日志: df1f41da
// 重构日志: 6aefbc85
// 重构日志: a2d59cc7
// 重构日志: 93e9c822
// 重构日志: 6ed522ad
// 重构日志: fdffd96b
// 重构日志: 70846124
// 重构日志: fbe04f47
// 同步 ID: 40e92357 @ Sun Jul 12 10:23:49 UTC 2026
